<?xml version="1.0" encoding="UTF-8" standalone="yes"?>
<ns2:test-suite start="1517059210930" stop="1517059244565" version="1.5.4" xmlns:ns2="urn:model.allure.qatools.yandex.ru">
    <name>Default suite : Default test</name>
    <title>Default suite : Default test</title>
    <test-cases>
        <test-case start="1517059228602" stop="1517059243597" status="broken">
            <name>loginToApp</name>
            <failure>
                <message>WebDriverException: An unknown server-side error occurred while processing the command. Original error: Trying to use a chromedriver binary at the path C:\Users\kumar\Desktop\ChromeDriver\ .27\chromedriver.exe, but it doesn't exist! (WARNING: The server did not provide any stacktrace information)
Command duration or timeout: 394 milliseconds
Build info: version: '2.53.1', revision: 'a36b8b1cd5757287168e54b817830adce9b0158d', time: '2016-06-30 19:26:09'
System info: host: 'LAPTOP-B0AHRUSC', ip: '192.168.56.1', os.name: 'Windows 10', os.arch: 'amd64', os.version: '10.0', java.version: '1.8.0_144'
Driver info: io.appium.java_client.android.AndroidDriver
Capabilities [{app=C:\Users\kumar\eclipse-workspace\AppiumMail\src\test\resources\HUE Mail.apk, appPackage=com.worksap.company.huemail.mobile, deviceScreenSize=768x1280, networkConnectionEnabled=true, warnings={}, databaseEnabled=false, version=, deviceName=emulator-5554, platform=ANDROID, deviceUDID=emulator-5554, appActivity=com.worksap.company.huemail.mobile.MainActivity, chromedriverExecutable=C:\Users\kumar\Desktop\ChromeDriver\ .27\chromedriver.exe, desired={app=C:\Users\kumar\eclipse-workspace\AppiumMail\src\test\resources\HUE Mail.apk, appPackage=com.worksap.company.huemail.mobile, appActivity=com.worksap.company.huemail.mobile.MainActivity, chromedriverExecutable=C:\Users\kumar\Desktop\ChromeDriver\ .27\chromedriver.exe, platformVersion=6.0, browserName=, deviceOrientation=portrait, platformName=Android, version=, deviceName=Nexis 6 Emulator, platform=ANDROID}, platformVersion=6.0, webStorageEnabled=false, locationContextEnabled=false, takesScreenshot=true, browserName=, javascriptEnabled=true, deviceOrientation=portrait, deviceModel=Android SDK built for x86, platformName=Android, deviceManufacturer=unknown}]
Session ID: 62e457d0-a02a-4020-ab44-c18f53f35cdc</message>
                <stack-trace>org.openqa.selenium.WebDriverException: An unknown server-side error occurred while processing the command. Original error: Trying to use a chromedriver binary at the path C:\Users\kumar\Desktop\ChromeDriver\ .27\chromedriver.exe, but it doesn't exist! (WARNING: The server did not provide any stacktrace information)
Command duration or timeout: 394 milliseconds
Build info: version: '2.53.1', revision: 'a36b8b1cd5757287168e54b817830adce9b0158d', time: '2016-06-30 19:26:09'
System info: host: 'LAPTOP-B0AHRUSC', ip: '192.168.56.1', os.name: 'Windows 10', os.arch: 'amd64', os.version: '10.0', java.version: '1.8.0_144'
Driver info: io.appium.java_client.android.AndroidDriver
Capabilities [{app=C:\Users\kumar\eclipse-workspace\AppiumMail\src\test\resources\HUE Mail.apk, appPackage=com.worksap.company.huemail.mobile, deviceScreenSize=768x1280, networkConnectionEnabled=true, warnings={}, databaseEnabled=false, version=, deviceName=emulator-5554, platform=ANDROID, deviceUDID=emulator-5554, appActivity=com.worksap.company.huemail.mobile.MainActivity, chromedriverExecutable=C:\Users\kumar\Desktop\ChromeDriver\ .27\chromedriver.exe, desired={app=C:\Users\kumar\eclipse-workspace\AppiumMail\src\test\resources\HUE Mail.apk, appPackage=com.worksap.company.huemail.mobile, appActivity=com.worksap.company.huemail.mobile.MainActivity, chromedriverExecutable=C:\Users\kumar\Desktop\ChromeDriver\ .27\chromedriver.exe, platformVersion=6.0, browserName=, deviceOrientation=portrait, platformName=Android, version=, deviceName=Nexis 6 Emulator, platform=ANDROID}, platformVersion=6.0, webStorageEnabled=false, locationContextEnabled=false, takesScreenshot=true, browserName=, javascriptEnabled=true, deviceOrientation=portrait, deviceModel=Android SDK built for x86, platformName=Android, deviceManufacturer=unknown}]
Session ID: 62e457d0-a02a-4020-ab44-c18f53f35cdc
	at sun.reflect.NativeConstructorAccessorImpl.newInstance0(Native Method)
	at sun.reflect.NativeConstructorAccessorImpl.newInstance(Unknown Source)
	at sun.reflect.DelegatingConstructorAccessorImpl.newInstance(Unknown Source)
	at java.lang.reflect.Constructor.newInstance(Unknown Source)
	at org.openqa.selenium.remote.ErrorHandler.createThrowable(ErrorHandler.java:206)
	at org.openqa.selenium.remote.ErrorHandler.throwIfResponseFailed(ErrorHandler.java:158)
	at org.openqa.selenium.remote.RemoteWebDriver.execute(RemoteWebDriver.java:678)
	at io.appium.java_client.DefaultGenericMobileDriver.execute(DefaultGenericMobileDriver.java:40)
	at io.appium.java_client.AppiumDriver.execute(AppiumDriver.java:1)
	at io.appium.java_client.android.AndroidDriver.execute(AndroidDriver.java:1)
	at io.appium.java_client.AppiumDriver.context(AppiumDriver.java:557)
	at com.amazon.CommonMethods.setContext(CommonMethods.java:63)
	at TestForMail.loginToApp(TestForMail.java:35)
	at sun.reflect.NativeMethodAccessorImpl.invoke0(Native Method)
	at sun.reflect.NativeMethodAccessorImpl.invoke(Unknown Source)
	at sun.reflect.DelegatingMethodAccessorImpl.invoke(Unknown Source)
	at java.lang.reflect.Method.invoke(Unknown Source)
	at org.testng.internal.MethodInvocationHelper.invokeMethod(MethodInvocationHelper.java:86)
	at org.testng.internal.Invoker.invokeMethod(Invoker.java:643)
	at org.testng.internal.Invoker.invokeTestMethod(Invoker.java:820)
	at org.testng.internal.Invoker.invokeTestMethods(Invoker.java:1128)
	at org.testng.internal.TestMethodWorker.invokeTestMethods(TestMethodWorker.java:129)
	at org.testng.internal.TestMethodWorker.run(TestMethodWorker.java:112)
	at org.testng.TestRunner.privateRun(TestRunner.java:782)
	at org.testng.TestRunner.run(TestRunner.java:632)
	at org.testng.SuiteRunner.runTest(SuiteRunner.java:366)
	at org.testng.SuiteRunner.runSequentially(SuiteRunner.java:361)
	at org.testng.SuiteRunner.privateRun(SuiteRunner.java:319)
	at org.testng.SuiteRunner.run(SuiteRunner.java:268)
	at org.testng.SuiteRunnerWorker.runSuite(SuiteRunnerWorker.java:52)
	at org.testng.SuiteRunnerWorker.run(SuiteRunnerWorker.java:86)
	at org.testng.TestNG.runSuitesSequentially(TestNG.java:1244)
	at org.testng.TestNG.runSuitesLocally(TestNG.java:1169)
	at org.testng.TestNG.run(TestNG.java:1064)
	at org.testng.remote.AbstractRemoteTestNG.run(AbstractRemoteTestNG.java:114)
	at org.testng.remote.RemoteTestNG.initAndRun(RemoteTestNG.java:251)
	at org.testng.remote.RemoteTestNG.main(RemoteTestNG.java:77)
</stack-trace>
            </failure>
            <steps/>
            <attachments/>
            <labels>
                <label name="testSuite" value="Default suite"/>
                <label name="testGroup" value="Default test"/>
                <label name="testClass" value="TestForMail"/>
                <label name="testMethod" value="loginToApp"/>
                <label name="host" value="LAPTOP-B0AHRUSC"/>
                <label name="thread" value="16960@LAPTOP-B0AHRUSC.main(1)"/>
            </labels>
        </test-case>
        <test-case start="1517059228602" stop="1517059243597" status="broken">
            <name>loginToApp</name>
            <failure>
                <message>WebDriverException: An unknown server-side error occurred while processing the command. Original error: Trying to use a chromedriver binary at the path C:\Users\kumar\Desktop\ChromeDriver\ .27\chromedriver.exe, but it doesn't exist! (WARNING: The server did not provide any stacktrace information)
Command duration or timeout: 394 milliseconds
Build info: version: '2.53.1', revision: 'a36b8b1cd5757287168e54b817830adce9b0158d', time: '2016-06-30 19:26:09'
System info: host: 'LAPTOP-B0AHRUSC', ip: '192.168.56.1', os.name: 'Windows 10', os.arch: 'amd64', os.version: '10.0', java.version: '1.8.0_144'
Driver info: io.appium.java_client.android.AndroidDriver
Capabilities [{app=C:\Users\kumar\eclipse-workspace\AppiumMail\src\test\resources\HUE Mail.apk, appPackage=com.worksap.company.huemail.mobile, deviceScreenSize=768x1280, networkConnectionEnabled=true, warnings={}, databaseEnabled=false, version=, deviceName=emulator-5554, platform=ANDROID, deviceUDID=emulator-5554, appActivity=com.worksap.company.huemail.mobile.MainActivity, chromedriverExecutable=C:\Users\kumar\Desktop\ChromeDriver\ .27\chromedriver.exe, desired={app=C:\Users\kumar\eclipse-workspace\AppiumMail\src\test\resources\HUE Mail.apk, appPackage=com.worksap.company.huemail.mobile, appActivity=com.worksap.company.huemail.mobile.MainActivity, chromedriverExecutable=C:\Users\kumar\Desktop\ChromeDriver\ .27\chromedriver.exe, platformVersion=6.0, browserName=, deviceOrientation=portrait, platformName=Android, version=, deviceName=Nexis 6 Emulator, platform=ANDROID}, platformVersion=6.0, webStorageEnabled=false, locationContextEnabled=false, takesScreenshot=true, browserName=, javascriptEnabled=true, deviceOrientation=portrait, deviceModel=Android SDK built for x86, platformName=Android, deviceManufacturer=unknown}]
Session ID: 62e457d0-a02a-4020-ab44-c18f53f35cdc</message>
                <stack-trace>org.openqa.selenium.WebDriverException: An unknown server-side error occurred while processing the command. Original error: Trying to use a chromedriver binary at the path C:\Users\kumar\Desktop\ChromeDriver\ .27\chromedriver.exe, but it doesn't exist! (WARNING: The server did not provide any stacktrace information)
Command duration or timeout: 394 milliseconds
Build info: version: '2.53.1', revision: 'a36b8b1cd5757287168e54b817830adce9b0158d', time: '2016-06-30 19:26:09'
System info: host: 'LAPTOP-B0AHRUSC', ip: '192.168.56.1', os.name: 'Windows 10', os.arch: 'amd64', os.version: '10.0', java.version: '1.8.0_144'
Driver info: io.appium.java_client.android.AndroidDriver
Capabilities [{app=C:\Users\kumar\eclipse-workspace\AppiumMail\src\test\resources\HUE Mail.apk, appPackage=com.worksap.company.huemail.mobile, deviceScreenSize=768x1280, networkConnectionEnabled=true, warnings={}, databaseEnabled=false, version=, deviceName=emulator-5554, platform=ANDROID, deviceUDID=emulator-5554, appActivity=com.worksap.company.huemail.mobile.MainActivity, chromedriverExecutable=C:\Users\kumar\Desktop\ChromeDriver\ .27\chromedriver.exe, desired={app=C:\Users\kumar\eclipse-workspace\AppiumMail\src\test\resources\HUE Mail.apk, appPackage=com.worksap.company.huemail.mobile, appActivity=com.worksap.company.huemail.mobile.MainActivity, chromedriverExecutable=C:\Users\kumar\Desktop\ChromeDriver\ .27\chromedriver.exe, platformVersion=6.0, browserName=, deviceOrientation=portrait, platformName=Android, version=, deviceName=Nexis 6 Emulator, platform=ANDROID}, platformVersion=6.0, webStorageEnabled=false, locationContextEnabled=false, takesScreenshot=true, browserName=, javascriptEnabled=true, deviceOrientation=portrait, deviceModel=Android SDK built for x86, platformName=Android, deviceManufacturer=unknown}]
Session ID: 62e457d0-a02a-4020-ab44-c18f53f35cdc
	at sun.reflect.NativeConstructorAccessorImpl.newInstance0(Native Method)
	at sun.reflect.NativeConstructorAccessorImpl.newInstance(Unknown Source)
	at sun.reflect.DelegatingConstructorAccessorImpl.newInstance(Unknown Source)
	at java.lang.reflect.Constructor.newInstance(Unknown Source)
	at org.openqa.selenium.remote.ErrorHandler.createThrowable(ErrorHandler.java:206)
	at org.openqa.selenium.remote.ErrorHandler.throwIfResponseFailed(ErrorHandler.java:158)
	at org.openqa.selenium.remote.RemoteWebDriver.execute(RemoteWebDriver.java:678)
	at io.appium.java_client.DefaultGenericMobileDriver.execute(DefaultGenericMobileDriver.java:40)
	at io.appium.java_client.AppiumDriver.execute(AppiumDriver.java:1)
	at io.appium.java_client.android.AndroidDriver.execute(AndroidDriver.java:1)
	at io.appium.java_client.AppiumDriver.context(AppiumDriver.java:557)
	at com.amazon.CommonMethods.setContext(CommonMethods.java:63)
	at TestForMail.loginToApp(TestForMail.java:35)
	at sun.reflect.NativeMethodAccessorImpl.invoke0(Native Method)
	at sun.reflect.NativeMethodAccessorImpl.invoke(Unknown Source)
	at sun.reflect.DelegatingMethodAccessorImpl.invoke(Unknown Source)
	at java.lang.reflect.Method.invoke(Unknown Source)
	at org.testng.internal.MethodInvocationHelper.invokeMethod(MethodInvocationHelper.java:86)
	at org.testng.internal.Invoker.invokeMethod(Invoker.java:643)
	at org.testng.internal.Invoker.invokeTestMethod(Invoker.java:820)
	at org.testng.internal.Invoker.invokeTestMethods(Invoker.java:1128)
	at org.testng.internal.TestMethodWorker.invokeTestMethods(TestMethodWorker.java:129)
	at org.testng.internal.TestMethodWorker.run(TestMethodWorker.java:112)
	at org.testng.TestRunner.privateRun(TestRunner.java:782)
	at org.testng.TestRunner.run(TestRunner.java:632)
	at org.testng.SuiteRunner.runTest(SuiteRunner.java:366)
	at org.testng.SuiteRunner.runSequentially(SuiteRunner.java:361)
	at org.testng.SuiteRunner.privateRun(SuiteRunner.java:319)
	at org.testng.SuiteRunner.run(SuiteRunner.java:268)
	at org.testng.SuiteRunnerWorker.runSuite(SuiteRunnerWorker.java:52)
	at org.testng.SuiteRunnerWorker.run(SuiteRunnerWorker.java:86)
	at org.testng.TestNG.runSuitesSequentially(TestNG.java:1244)
	at org.testng.TestNG.runSuitesLocally(TestNG.java:1169)
	at org.testng.TestNG.run(TestNG.java:1064)
	at org.testng.remote.AbstractRemoteTestNG.run(AbstractRemoteTestNG.java:114)
	at org.testng.remote.RemoteTestNG.initAndRun(RemoteTestNG.java:251)
	at org.testng.remote.RemoteTestNG.main(RemoteTestNG.java:77)
</stack-trace>
            </failure>
            <steps/>
            <attachments/>
            <labels>
                <label name="testSuite" value="Default suite"/>
                <label name="testGroup" value="Default test"/>
                <label name="testClass" value="TestForMail"/>
                <label name="testMethod" value="loginToApp"/>
                <label name="host" value="LAPTOP-B0AHRUSC"/>
                <label name="thread" value="16960@LAPTOP-B0AHRUSC.main(1)"/>
            </labels>
        </test-case>
    </test-cases>
    <labels>
        <label name="framework" value="TestNG"/>
        <label name="language" value="JAVA"/>
    </labels>
</ns2:test-suite>
